2018/03/31 21:43:28 [error] [exception.CDbException] exception 'CDbException' with message 'CDbConnection failed to open the DB connection: SQLSTATE[HY000] [1045] Access denied for user 'root'@'localhost' (using password: NO)' in /opt/bitnami/apache2/htdocs/totem/yii/framework/db/CDbConnection.php:399
Stack trace:
#0 /opt/bitnami/apache2/htdocs/totem/yii/framework/db/CDbConnection.php(347): CDbConnection->open()
#1 /opt/bitnami/apache2/htdocs/totem/yii/framework/db/CDbConnection.php(325): CDbConnection->setActive(true)
#2 /opt/bitnami/apache2/htdocs/totem/yii/framework/base/CModule.php(394): CDbConnection->init()
#3 /opt/bitnami/apache2/htdocs/totem/yii/framework/base/CApplication.php(458): CModule->getComponent('db')
#4 /opt/bitnami/apache2/htdocs/totem/yii/framework/db/ar/CActiveRecord.php(637): CApplication->getDb()
#5 /opt/bitnami/apache2/htdocs/totem/yii/framework/db/ar/CActiveRecord.php(2384): CActiveRecord->getDbConnection()
#6 /opt/bitnami/apache2/htdocs/totem/yii/framework/db/ar/CActiveRecord.php(411): CActiveRecordMetaData->__construct(Object(User))
#7 /opt/bitnami/apache2/htdocs/totem/yii/framework/db/ar/CActiveRecord.php(212): CActiveRecord->getMetaData()
#8 /opt/bitnami/apache2/htdocs/totem/protected/modules/user/components/UserIdentity.php(27): CActiveRecord->__call('notsafe', Array)
#9 /opt/bitnami/apache2/htdocs/totem/protected/modules/user/components/UserIdentity.php(27): User->notsafe()
#10 /opt/bitnami/apache2/htdocs/totem/protected/modules/user/models/UserLogin.php(52): UserIdentity->authenticate()
#11 /opt/bitnami/apache2/htdocs/totem/yii/framework/validators/CInlineValidator.php(42): UserLogin->authenticate('password', Array)
#12 /opt/bitnami/apache2/htdocs/totem/yii/framework/validators/CValidator.php(201): CInlineValidator->validateAttribute(Object(UserLogin), 'password')
#13 /opt/bitnami/apache2/htdocs/totem/yii/framework/base/CModel.php(159): CValidator->validate(Object(UserLogin), NULL)
#14 /opt/bitnami/apache2/htdocs/totem/protected/modules/user/controllers/LoginController.php(19): CModel->validate()
#15 /opt/bitnami/apache2/htdocs/totem/yii/framework/web/actions/CInlineAction.php(49): LoginController->actionLogin()
#16 /opt/bitnami/apache2/htdocs/totem/yii/framework/web/CController.php(308): CInlineAction->runWithParams(Array)
#17 /opt/bitnami/apache2/htdocs/totem/yii/framework/web/CController.php(286): CController->runAction(Object(CInlineAction))
#18 /opt/bitnami/apache2/htdocs/totem/yii/framework/web/CController.php(265): CController->runActionWithFilters(Object(CInlineAction), Array)
#19 /opt/bitnami/apache2/htdocs/totem/yii/framework/web/CWebApplication.php(282): CController->run('')
#20 /opt/bitnami/apache2/htdocs/totem/yii/framework/web/CWebApplication.php(141): CWebApplication->runController('user/login')
#21 /opt/bitnami/apache2/htdocs/totem/yii/framework/base/CApplication.php(184): CWebApplication->processRequest()
#22 /opt/bitnami/apache2/htdocs/totem/index.php(14): CApplication->run()
#23 {main}
REQUEST_URI=/totem/index.php?r=user/login
HTTP_REFERER=http://23.23.42.186/totem/index.php?r=user/login
---
2018/03/31 22:06:09 [warning] [application] Error al establecer unsafe al atributo "verifyCode" de "RegistrationForm".
in /opt/bitnami/apache2/htdocs/totem/protected/modules/user/controllers/RegistrationController.php (32)
in /opt/bitnami/apache2/htdocs/totem/index.php (14)
2018/03/31 22:06:39 [warning] [application] Error al establecer unsafe al atributo "verifyCode" de "RegistrationForm".
in /opt/bitnami/apache2/htdocs/totem/protected/modules/user/controllers/RegistrationController.php (32)
in /opt/bitnami/apache2/htdocs/totem/index.php (14)
2018/03/31 22:07:16 [warning] [application] Error al establecer unsafe al atributo "verifyCode" de "RegistrationForm".
in /opt/bitnami/apache2/htdocs/totem/protected/modules/user/controllers/RegistrationController.php (32)
in /opt/bitnami/apache2/htdocs/totem/index.php (14)
2018/03/31 22:07:29 [warning] [application] Error al establecer unsafe al atributo "verifyCode" de "RegistrationForm".
in /opt/bitnami/apache2/htdocs/totem/protected/modules/user/controllers/RegistrationController.php (32)
in /opt/bitnami/apache2/htdocs/totem/index.php (14)
2018/03/31 22:07:33 [warning] [application] Error al establecer unsafe al atributo "verifyCode" de "RegistrationForm".
in /opt/bitnami/apache2/htdocs/totem/protected/modules/user/controllers/RegistrationController.php (32)
in /opt/bitnami/apache2/htdocs/totem/index.php (14)
2018/03/31 22:07:45 [warning] [application] Error al establecer unsafe al atributo "verifyCode" de "RegistrationForm".
in /opt/bitnami/apache2/htdocs/totem/protected/modules/user/controllers/RegistrationController.php (32)
in /opt/bitnami/apache2/htdocs/totem/index.php (14)
2018/04/01 02:35:01 [warning] [application] Error al establecer unsafe al atributo "verifyCode" de "RegistrationForm".
in /opt/bitnami/apache2/htdocs/totem/protected/modules/user/controllers/RegistrationController.php (32)
in /opt/bitnami/apache2/htdocs/totem/index.php (14)
2018/04/01 02:35:16 [warning] [application] Error al establecer unsafe al atributo "verifyCode" de "RegistrationForm".
in /opt/bitnami/apache2/htdocs/totem/protected/modules/user/controllers/RegistrationController.php (32)
in /opt/bitnami/apache2/htdocs/totem/index.php (14)
2018/04/01 02:36:04 [warning] [application] Error al establecer unsafe al atributo "verifyCode" de "RegistrationForm".
in /opt/bitnami/apache2/htdocs/totem/protected/modules/user/controllers/RegistrationController.php (32)
in /opt/bitnami/apache2/htdocs/totem/index.php (14)
2018/04/01 03:04:31 [warning] [application] Error al establecer unsafe al atributo "verifyCode" de "RegistrationForm".
in /opt/bitnami/apache2/htdocs/totem/protected/modules/user/controllers/RegistrationController.php (32)
in /opt/bitnami/apache2/htdocs/totem/index.php (14)
2018/04/01 03:04:51 [warning] [application] Error al establecer unsafe al atributo "verifyCode" de "RegistrationForm".
in /opt/bitnami/apache2/htdocs/totem/protected/modules/user/controllers/RegistrationController.php (32)
in /opt/bitnami/apache2/htdocs/totem/index.php (14)
2018/04/01 03:04:56 [warning] [application] Error al establecer unsafe al atributo "verifyCode" de "RegistrationForm".
in /opt/bitnami/apache2/htdocs/totem/protected/modules/user/controllers/RegistrationController.php (32)
in /opt/bitnami/apache2/htdocs/totem/index.php (14)
